<?xml version="1.0" encoding="UTF-8"?>
<!-- Generated by org.testng.reporters.JUnitReportReporter -->
<testsuite skipped="0" hostname="DESKTOP-SUHF692" name="com.ecommerce.Register" tests="1" failures="0" timestamp="2019-10-02T10:36:50 IST" time="98.809" errors="0">
  <testcase name="test" time="98.809" classname="com.ecommerce.Register"/>
</testsuite> <!-- com.ecommerce.Register -->
